c:\users\пользователь\source\repos\dll1\dll1\x64\debug\dll1.pch
c:\users\пользователь\source\repos\dll1\dll1\x64\debug\vc142.pdb
c:\users\пользователь\source\repos\dll1\dll1\x64\debug\vc142.idb
c:\users\пользователь\source\repos\dll1\dll1\x64\debug\pch.obj
c:\users\пользователь\source\repos\dll1\dll1\x64\debug\triangle.obj
c:\users\пользователь\source\repos\dll1\dll1\x64\debug\trapezoid.obj
c:\users\пользователь\source\repos\dll1\dll1\x64\debug\rectangle.obj
c:\users\пользователь\source\repos\dll1\dll1\x64\debug\parallelogram.obj
c:\users\пользователь\source\repos\dll1\dll1\x64\debug\dllmain.obj
c:\users\пользователь\source\repos\dll1\dll1\x64\debug\dll1.obj
c:\users\пользователь\source\repos\dll1\dll1\x64\debug\circle.obj
c:\users\пользователь\source\repos\dll1\x64\debug\dll1.lib
c:\users\пользователь\source\repos\dll1\x64\debug\dll1.exp
c:\users\пользователь\source\repos\dll1\dll1\x64\debug\dll1.ilk
c:\users\пользователь\source\repos\dll1\x64\debug\dll1.dll
c:\users\пользователь\source\repos\dll1\x64\debug\dll1.pdb
c:\users\пользователь\source\repos\dll1\dll1\x64\debug\dll1.tlog\cl.command.1.tlog
c:\users\пользователь\source\repos\dll1\dll1\x64\debug\dll1.tlog\cl.read.1.tlog
c:\users\пользователь\source\repos\dll1\dll1\x64\debug\dll1.tlog\cl.write.1.tlog
c:\users\пользователь\source\repos\dll1\dll1\x64\debug\dll1.tlog\dll1.write.1u.tlog
c:\users\пользователь\source\repos\dll1\dll1\x64\debug\dll1.tlog\link.command.1.tlog
c:\users\пользователь\source\repos\dll1\dll1\x64\debug\dll1.tlog\link.read.1.tlog
c:\users\пользователь\source\repos\dll1\dll1\x64\debug\dll1.tlog\link.write.1.tlog
